https://pan.baidu.com/s/1nguc74ngyxVUy-DYFq1LFA
ejf3
https://pan.baidu.com/s/1gsHcf_n0Y1LgW1EXd3c92Q
yrci
https://pan.baidu.com/s/1U1RswnA5JLnv7yvKcktdjQ
iscs
https://pan.baidu.com/s/1cXJAtKcOPPKLCmqSxW7wvQ
3h8p
https://pan.baidu.com/s/1taKSE6S9w75bbnmpv5O9Bg
xrxr
https://pan.baidu.com/s/1FDlgkSEE-lQU7gXWv8zQmw
i8tk
https://pan.baidu.com/s/1kWui0hp
nu7v
https://pan.baidu.com/s/1gfzMUen
iukd
https://pan.baidu.com/s/1qXZLmS8
2laz
https://pan.baidu.com/s/1hr8Xlw4
e9l0
https://pan.baidu.com/s/1kVLY6Hp
rlnk
https://pan.baidu.com/s/1Yy7lwRu4eFlVMtPfXg9zrg
xnff
https://pan.baidu.com/s/1arXu2mPbvQ5VXICa6T0wDQ
n1q4
https://pan.baidu.com/s/18yKpfMEP4Q5tuo7zoUXLcg
8ndf
https://pan.baidu.com/s/1mUqrXKILu8jKy6DGXyat9A
bk2z
https://pan.baidu.com/s/1KaYIB83aKEG79w9eTDMRQg
bdk6
https://pan.baidu.com/s/1lXGE9roxEKyvAwIFBo4zTQ
pm7h
https://pan.baidu.com/s/1mJILa7EUc4KhKLv560z65Q
3krt
https://pan.baidu.com/s/1SagIGNw7Y_zjzHGfbIhrcg
mek4
https://pan.baidu.com/s/1geZxFoB
oeuq
https://pan.baidu.com/s/1i4LgxCD
gy5i
https://pan.baidu.com/s/1o78eZJ8
66bg
https://pan.baidu.com/s/1kVsStFp
od0t
https://pan.baidu.com/s/1CECOrxqoaFqKQz7QpE2-Mg
ekbd
https://pan.baidu.com/s/1XKVffgj84D0I0bYE7xPDLQ
3eup
https://pan.baidu.com/s/1QWvyf_ZJgfpZumSAwi1CpA
uvwt
https://pan.baidu.com/s/1qwzs1tVa-CZKskWoCPDb6Q
ngt8
https://pan.baidu.com/s/1Oz1UWjGacRPysEMBbw2ntg
t4cx
https://pan.baidu.com/s/1HQb64tmM55TZCSqW2Uo2dg
ujfz
https://pan.baidu.com/s/19VtKxgw9okL8SNrZuDaHuA
22vv
https://pan.baidu.com/s/1MmHuspQZ-Q90n3qUM4PDog
wiq9
https://pan.baidu.com/s/1tc2LqE6iLyOmbCH7Pk_QsA
d695
https://pan.baidu.com/s/1pGjCPhwjYGzTng0SOps2-A
nj2h
https://pan.baidu.com/s/1VP3qEs_X9bjgAE0u4HsI1g
ycsu
https://pan.baidu.com/s/1U1tQF5b0BOrjGgFkuEe8ng
s5t5
https://pan.baidu.com/s/1qY0ZfWw
as1e
https://pan.baidu.com/s/1E-4ac29qj6OwXa9qFsmkRg
qasp
https://pan.baidu.com/s/1dFrcAOD
16tq
https://pan.baidu.com/s/1i4CsVFv
2gbm
https://pan.baidu.com/s/1oIKn0tL6xIsSIXTx35j_OA
hhc2
https://pan.baidu.com/s/1kTGWPcCkWzyZSB1s1I-vdA
7qu8
https://pan.baidu.com/s/1vc8SFKZyjR_y3oVF7ZiqvQ
6f5g
https://pan.baidu.com/s/1nBnLFT3CPEwhcYEGluSFeA
3yus
https://pan.baidu.com/s/1iXTdijtrtMEBfz5tsceAug
n3a2
https://pan.baidu.com/s/1KfBcoGZSaR_g2rtp5nJOtw
cmva
https://pan.baidu.com/s/1U1RswnA5JLnv7yvKcktdjQ
iscs
https://pan.baidu.com/s/1hfpAX9r6GTJSP1mYmVlwnw
ruui
https://pan.baidu.com/s/1eScjNR8
4pcu
https://pan.baidu.com/s/1ckxh2Q
jz0y
https://pan.baidu.com/s/1q-iCHgMyqIWwewqNomjEww
ik92
https://pan.baidu.com/s/1nguc74ngyxVUy-DYFq1LFA
ejf3
https://pan.baidu.com/s/1gsHcf_n0Y1LgW1EXd3c92Q
yrci
https://pan.baidu.com/s/1578AYGQTmW3Azt8m6LabIg
zha6
https://pan.baidu.com/s/1uKpAATXcwnpVTID74A7waA
uasv
https://pan.baidu.com/s/1q62xmPVDHiQjSfG1_wnQ4A
yijx
https://pan.baidu.com/s/1kUQCvrx
a1qz
https://pan.baidu.com/s/14JKgqCAGr7LD_qht_hqHlg
7u3x
https://pan.baidu.com/s/176oxIwlAr9VmvWileArKIw
pku7
https://pan.baidu.com/s/18TdYxNY50GVEyHNcOfxWPA
x3et
https://pan.baidu.com/s/1ySHg7jEThLohB20fA8n-2g
z7rr
https://pan.baidu.com/s/1oQYKFDxWnLGXvWLMxYOS0w
f5zk
https://pan.baidu.com/s/1ofOrYOAn-f_w-RSjlX9Jgw
pa3p